  Backpack.cpp
  BasicWidget.cpp
  main.cpp
  Operate.cpp
d:\大一下 c++\口袋妖怪图鉴\口袋妖怪图鉴\operate.cpp(60): warning C4018: “<”: 有符号/无符号不匹配
d:\大一下 c++\口袋妖怪图鉴\口袋妖怪图鉴\operate.cpp(184): warning C4018: “<”: 有符号/无符号不匹配
d:\大一下 c++\口袋妖怪图鉴\口袋妖怪图鉴\operate.cpp(200): warning C4018: “<”: 有符号/无符号不匹配
d:\大一下 c++\口袋妖怪图鉴\口袋妖怪图鉴\operate.cpp(218): warning C4244: “参数”: 从“double”转换到“int”，可能丢失数据
d:\大一下 c++\口袋妖怪图鉴\口袋妖怪图鉴\operate.cpp(222): warning C4244: “参数”: 从“double”转换到“int”，可能丢失数据
d:\大一下 c++\口袋妖怪图鉴\口袋妖怪图鉴\operate.cpp(226): warning C4244: “参数”: 从“double”转换到“int”，可能丢失数据
d:\大一下 c++\口袋妖怪图鉴\口袋妖怪图鉴\operate.cpp(230): warning C4244: “参数”: 从“double”转换到“int”，可能丢失数据
d:\大一下 c++\口袋妖怪图鉴\口袋妖怪图鉴\operate.cpp(234): warning C4244: “参数”: 从“double”转换到“int”，可能丢失数据
d:\大一下 c++\口袋妖怪图鉴\口袋妖怪图鉴\operate.cpp(238): warning C4244: “参数”: 从“double”转换到“int”，可能丢失数据
d:\大一下 c++\口袋妖怪图鉴\口袋妖怪图鉴\operate.cpp(242): warning C4244: “参数”: 从“double”转换到“int”，可能丢失数据
d:\大一下 c++\口袋妖怪图鉴\口袋妖怪图鉴\operate.cpp(246): warning C4244: “参数”: 从“double”转换到“int”，可能丢失数据
d:\大一下 c++\口袋妖怪图鉴\口袋妖怪图鉴\operate.cpp(250): warning C4244: “参数”: 从“double”转换到“int”，可能丢失数据
d:\大一下 c++\口袋妖怪图鉴\口袋妖怪图鉴\operate.cpp(254): warning C4244: “参数”: 从“double”转换到“int”，可能丢失数据
d:\大一下 c++\口袋妖怪图鉴\口袋妖怪图鉴\operate.cpp(258): warning C4244: “参数”: 从“double”转换到“int”，可能丢失数据
d:\大一下 c++\口袋妖怪图鉴\口袋妖怪图鉴\operate.cpp(262): warning C4244: “参数”: 从“double”转换到“int”，可能丢失数据
d:\大一下 c++\口袋妖怪图鉴\口袋妖怪图鉴\operate.cpp(266): warning C4244: “参数”: 从“double”转换到“int”，可能丢失数据
d:\大一下 c++\口袋妖怪图鉴\口袋妖怪图鉴\operate.cpp(270): warning C4244: “参数”: 从“double”转换到“int”，可能丢失数据
d:\大一下 c++\口袋妖怪图鉴\口袋妖怪图鉴\operate.cpp(274): warning C4244: “参数”: 从“double”转换到“int”，可能丢失数据
d:\大一下 c++\口袋妖怪图鉴\口袋妖怪图鉴\operate.cpp(278): warning C4244: “参数”: 从“double”转换到“int”，可能丢失数据
d:\大一下 c++\口袋妖怪图鉴\口袋妖怪图鉴\operate.cpp(282): warning C4244: “参数”: 从“double”转换到“int”，可能丢失数据
d:\大一下 c++\口袋妖怪图鉴\口袋妖怪图鉴\operate.cpp(286): warning C4244: “参数”: 从“double”转换到“int”，可能丢失数据
d:\大一下 c++\口袋妖怪图鉴\口袋妖怪图鉴\operate.cpp(292): warning C4018: “<”: 有符号/无符号不匹配
d:\大一下 c++\口袋妖怪图鉴\口袋妖怪图鉴\operate.cpp(313): warning C4244: “参数”: 从“double”转换到“int”，可能丢失数据
d:\大一下 c++\口袋妖怪图鉴\口袋妖怪图鉴\operate.cpp(316): warning C4244: “参数”: 从“double”转换到“int”，可能丢失数据
d:\大一下 c++\口袋妖怪图鉴\口袋妖怪图鉴\operate.cpp(319): warning C4244: “参数”: 从“double”转换到“int”，可能丢失数据
d:\大一下 c++\口袋妖怪图鉴\口袋妖怪图鉴\operate.cpp(322): warning C4244: “参数”: 从“double”转换到“int”，可能丢失数据
d:\大一下 c++\口袋妖怪图鉴\口袋妖怪图鉴\operate.cpp(325): warning C4244: “参数”: 从“double”转换到“int”，可能丢失数据
d:\大一下 c++\口袋妖怪图鉴\口袋妖怪图鉴\operate.cpp(328): warning C4244: “参数”: 从“double”转换到“int”，可能丢失数据
d:\大一下 c++\口袋妖怪图鉴\口袋妖怪图鉴\operate.cpp(331): warning C4244: “参数”: 从“double”转换到“int”，可能丢失数据
d:\大一下 c++\口袋妖怪图鉴\口袋妖怪图鉴\operate.cpp(334): warning C4244: “参数”: 从“double”转换到“int”，可能丢失数据
d:\大一下 c++\口袋妖怪图鉴\口袋妖怪图鉴\operate.cpp(337): warning C4244: “参数”: 从“double”转换到“int”，可能丢失数据
d:\大一下 c++\口袋妖怪图鉴\口袋妖怪图鉴\operate.cpp(340): warning C4244: “参数”: 从“double”转换到“int”，可能丢失数据
d:\大一下 c++\口袋妖怪图鉴\口袋妖怪图鉴\operate.cpp(343): warning C4244: “参数”: 从“double”转换到“int”，可能丢失数据
d:\大一下 c++\口袋妖怪图鉴\口袋妖怪图鉴\operate.cpp(346): warning C4244: “参数”: 从“double”转换到“int”，可能丢失数据
d:\大一下 c++\口袋妖怪图鉴\口袋妖怪图鉴\operate.cpp(349): warning C4244: “参数”: 从“double”转换到“int”，可能丢失数据
d:\大一下 c++\口袋妖怪图鉴\口袋妖怪图鉴\operate.cpp(352): warning C4244: “参数”: 从“double”转换到“int”，可能丢失数据
d:\大一下 c++\口袋妖怪图鉴\口袋妖怪图鉴\operate.cpp(355): warning C4244: “参数”: 从“double”转换到“int”，可能丢失数据
d:\大一下 c++\口袋妖怪图鉴\口袋妖怪图鉴\operate.cpp(358): warning C4244: “参数”: 从“double”转换到“int”，可能丢失数据
d:\大一下 c++\口袋妖怪图鉴\口袋妖怪图鉴\operate.cpp(361): warning C4244: “参数”: 从“double”转换到“int”，可能丢失数据
d:\大一下 c++\口袋妖怪图鉴\口袋妖怪图鉴\operate.cpp(364): warning C4244: “参数”: 从“double”转换到“int”，可能丢失数据
d:\大一下 c++\口袋妖怪图鉴\口袋妖怪图鉴\operate.cpp(366): warning C4018: “<”: 有符号/无符号不匹配
d:\大一下 c++\口袋妖怪图鉴\口袋妖怪图鉴\operate.cpp(373): warning C4018: “<”: 有符号/无符号不匹配
d:\大一下 c++\口袋妖怪图鉴\口袋妖怪图鉴\operate.cpp(388): warning C4244: “参数”: 从“double”转换到“int”，可能丢失数据
d:\大一下 c++\口袋妖怪图鉴\口袋妖怪图鉴\operate.cpp(391): warning C4244: “参数”: 从“double”转换到“int”，可能丢失数据
d:\大一下 c++\口袋妖怪图鉴\口袋妖怪图鉴\operate.cpp(394): warning C4244: “参数”: 从“double”转换到“int”，可能丢失数据
d:\大一下 c++\口袋妖怪图鉴\口袋妖怪图鉴\operate.cpp(397): warning C4244: “参数”: 从“double”转换到“int”，可能丢失数据
d:\大一下 c++\口袋妖怪图鉴\口袋妖怪图鉴\operate.cpp(400): warning C4244: “参数”: 从“double”转换到“int”，可能丢失数据
d:\大一下 c++\口袋妖怪图鉴\口袋妖怪图鉴\operate.cpp(403): warning C4244: “参数”: 从“double”转换到“int”，可能丢失数据
d:\大一下 c++\口袋妖怪图鉴\口袋妖怪图鉴\operate.cpp(406): warning C4244: “参数”: 从“double”转换到“int”，可能丢失数据
d:\大一下 c++\口袋妖怪图鉴\口袋妖怪图鉴\operate.cpp(409): warning C4244: “参数”: 从“double”转换到“int”，可能丢失数据
d:\大一下 c++\口袋妖怪图鉴\口袋妖怪图鉴\operate.cpp(412): warning C4244: “参数”: 从“double”转换到“int”，可能丢失数据
d:\大一下 c++\口袋妖怪图鉴\口袋妖怪图鉴\operate.cpp(416): warning C4018: “<”: 有符号/无符号不匹配
d:\大一下 c++\口袋妖怪图鉴\口袋妖怪图鉴\operate.cpp(471): warning C4244: “参数”: 从“time_t”转换到“unsigned int”，可能丢失数据
d:\大一下 c++\口袋妖怪图鉴\口袋妖怪图鉴\operate.cpp(537): warning C4018: “<”: 有符号/无符号不匹配
d:\大一下 c++\口袋妖怪图鉴\口袋妖怪图鉴\operate.cpp(568): warning C4018: “>”: 有符号/无符号不匹配
d:\大一下 c++\口袋妖怪图鉴\口袋妖怪图鉴\operate.cpp(582): warning C4018: “<”: 有符号/无符号不匹配
  PushButton.cpp
  Window.cpp
  正在生成代码...
  口袋妖怪图鉴.vcxproj -> D:\大一下 C++\口袋妖怪图鉴\Debug\口袋妖怪图鉴.exe
